<?xml version="1.0" encoding="UTF-8"?>
<!-- Generated by org.testng.reporters.JUnitReportReporter -->
<testsuite hostname="SAG-JJZMM13" failures="0" tests="2" name="com.framework.test.TC_01" time="2.404" errors="0" timestamp="2022-06-15T22:58:02 IST" skipped="0">
  <testcase classname="com.framework.test.TC_01" name="login_To_Applications" time="0.752"/>
  <system-out/>
  <testcase classname="com.framework.test.TC_01" name="purchase_Order" time="1.652"/>
  <system-out/>
</testsuite> <!-- com.framework.test.TC_01 -->
